android/app/build/intermediates/manifest_merge_blame_file/debug/manifest-merger-blame-debug-report.txt
1<?xml version="1.0" encoding="utf-8"?>
2<manifest xmlns:android="http://schemas.android.com/apk/res/android"
3    package="com.riesgos"
4    android:versionCode="1"
5    android:versionName="1.0" >
6
7    <uses-sdk
8        android:minSdkVersion="16"
9        android:targetSdkVersion="29" />
10
11    <uses-permission android:name="android.permission.SYSTEM_ALERT_WINDOW" />
11-->src/debug/AndroidManifest.xml:5:4-76
11-->src/debug/AndroidManifest.xml:5:21-74
12    <uses-permission android:name="android.permission.INTERNET" />
12-->src/main/AndroidManifest.xml:4:5-67
12-->src/main/AndroidManifest.xml:4:22-64
13    <!-- Required -->
14    <uses-permission android:name="android.permission.CAMERA" /> <!-- Include this only if you are planning to use the camera roll -->
14-->src/main/AndroidManifest.xml:6:5-65
14-->src/main/AndroidManifest.xml:6:22-62
15    <uses-permission android:name="android.permission.READ_EXTERNAL_STORAGE" />
15-->src/main/AndroidManifest.xml:9:5-80
15-->src/main/AndroidManifest.xml:9:22-77
16    <uses-permission android:name="android.permission.WRITE_EXTERNAL_STORAGE" />
16-->src/main/AndroidManifest.xml:10:5-81
16-->src/main/AndroidManifest.xml:10:22-78
17    <uses-permission android:name="android.permission.ACCESS_COARSE_LOCATION" />
17-->src/main/AndroidManifest.xml:12:5-81
17-->src/main/AndroidManifest.xml:12:22-78
18    <uses-permission android:name="android.permission.ACCESS_FINE_LOCATION" />
18-->src/main/AndroidManifest.xml:13:5-79
18-->src/main/AndroidManifest.xml:13:22-76
19    <uses-permission android:name="android.permission.ACCESS_WIFI_STATE" />
19-->[com.facebook.flipper:flipper:0.54.0] AndroidManifest.xml:16:5-76
19-->[com.facebook.flipper:flipper:0.54.0] AndroidManifest.xml:16:22-73
20
21    <uses-feature
21-->[:react-native-camera] AndroidManifest.xml:11:5-13:36
22        android:name="android.hardware.camera"
22-->[:react-native-camera] AndroidManifest.xml:12:9-47
23        android:required="false" />
23-->[:react-native-camera] AndroidManifest.xml:13:9-33
24    <uses-feature
24-->[:react-native-camera] AndroidManifest.xml:14:5-16:36
25        android:name="android.hardware.camera.autofocus"
25-->[:react-native-camera] AndroidManifest.xml:15:9-57
26        android:required="false" /> <!-- Include required permissions for Google Maps API to run. -->
26-->[:react-native-camera] AndroidManifest.xml:16:9-33
27    <uses-permission android:name="android.permission.ACCESS_NETWORK_STATE" />
27-->[com.google.android.gms:play-services-maps:17.0.0] AndroidManifest.xml:23:5-79
27-->[com.google.android.gms:play-services-maps:17.0.0] AndroidManifest.xml:23:22-76
28
29    <uses-feature
29-->[com.google.android.gms:play-services-maps:17.0.0] AndroidManifest.xml:26:5-28:35
30        android:glEsVersion="0x00020000"
30-->[com.google.android.gms:play-services-maps:17.0.0] AndroidManifest.xml:27:9-41
31        android:required="true" />
31-->[com.google.android.gms:play-services-maps:17.0.0] AndroidManifest.xml:28:9-32
32
33    <application
33-->src/main/AndroidManifest.xml:16:5-49:19
34        android:name="com.riesgos.MainApplication"
34-->src/main/AndroidManifest.xml:17:7-38
35        android:allowBackup="false"
35-->src/main/AndroidManifest.xml:21:7-34
36        android:appComponentFactory="androidx.core.app.CoreComponentFactory"
36-->[androidx.core:core:1.1.0] AndroidManifest.xml:24:18-86
37        android:debuggable="true"
38        android:icon="@mipmap/ic_launcher"
38-->src/main/AndroidManifest.xml:19:7-41
39        android:label="@string/app_name"
39-->src/main/AndroidManifest.xml:18:7-39
40        android:requestLegacyExternalStorage="true"
40-->src/main/AndroidManifest.xml:23:7-50
41        android:roundIcon="@mipmap/ic_launcher_round"
41-->src/main/AndroidManifest.xml:20:7-52
42        android:theme="@style/AppTheme"
42-->src/main/AndroidManifest.xml:22:7-38
43        android:usesCleartextTraffic="true" >
43-->src/main/AndroidManifest.xml:24:7-42
44        <meta-data
44-->src/main/AndroidManifest.xml:26:7-28:68
45            android:name="com.google.android.geo.API_KEY"
45-->src/main/AndroidManifest.xml:27:11-56
46            android:value="AIzaSyCbU4ZlF4Q_6RyB_KrcXgt6CxnAAPvsb5s" />
46-->src/main/AndroidManifest.xml:28:11-66
47
48        <activity
48-->src/main/AndroidManifest.xml:29:7-37:18
49            android:name="com.riesgos.MainActivity"
49-->src/main/AndroidManifest.xml:30:9-37
50            android:configChanges="keyboard|keyboardHidden|orientation|screenSize|uiMode"
50-->src/main/AndroidManifest.xml:32:9-86
51            android:exported="true"
51-->src/main/AndroidManifest.xml:35:9-32
52            android:label="@string/app_name"
52-->src/main/AndroidManifest.xml:31:9-41
53            android:launchMode="singleTask"
53-->src/main/AndroidManifest.xml:33:9-40
54            android:windowSoftInputMode="adjustResize" >
54-->src/main/AndroidManifest.xml:34:9-51
55        </activity> <!-- add the following lines (use the theme you created at step 2) -->
56        <activity
56-->src/main/AndroidManifest.xml:39:7-47:18
57            android:name="com.zoontek.rnbootsplash.RNBootSplashActivity"
57-->src/main/AndroidManifest.xml:40:9-69
58            android:launchMode="singleTask"
58-->src/main/AndroidManifest.xml:42:9-40
59            android:theme="@style/BootTheme" >
59-->src/main/AndroidManifest.xml:41:9-41
60            <intent-filter>
60-->src/main/AndroidManifest.xml:43:9-46:25
61                <action android:name="android.intent.action.MAIN" />
61-->src/main/AndroidManifest.xml:44:11-63
61-->src/main/AndroidManifest.xml:44:19-60
62
63                <category android:name="android.intent.category.LAUNCHER" />
63-->src/main/AndroidManifest.xml:45:11-71
63-->src/main/AndroidManifest.xml:45:21-68
64            </intent-filter>
65        </activity>
66        <activity android:name="com.facebook.react.devsupport.DevSettingsActivity" /> <!-- Needs to be explicitly declared on P+ -->
66-->src/main/AndroidManifest.xml:48:7-84
66-->src/main/AndroidManifest.xml:48:17-81
67        <uses-library
67-->[com.google.android.gms:play-services-maps:17.0.0] AndroidManifest.xml:33:9-35:40
68            android:name="org.apache.http.legacy"
68-->[com.google.android.gms:play-services-maps:17.0.0] AndroidManifest.xml:34:13-50
69            android:required="false" />
69-->[com.google.android.gms:play-services-maps:17.0.0] AndroidManifest.xml:35:13-37
70
71        <activity
71-->[com.google.android.gms:play-services-base:17.0.0] AndroidManifest.xml:23:9-26:75
72            android:name="com.google.android.gms.common.api.GoogleApiActivity"
72-->[com.google.android.gms:play-services-base:17.0.0] AndroidManifest.xml:24:13-79
73            android:exported="false"
73-->[com.google.android.gms:play-services-base:17.0.0] AndroidManifest.xml:25:13-37
74            android:theme="@android:style/Theme.Translucent.NoTitleBar" />
74-->[com.google.android.gms:play-services-base:17.0.0] AndroidManifest.xml:26:13-72
75
76        <meta-data
76-->[com.google.android.gms:play-services-basement:17.0.0] AndroidManifest.xml:23:9-25:69
77            android:name="com.google.android.gms.version"
77-->[com.google.android.gms:play-services-basement:17.0.0] AndroidManifest.xml:24:13-58
78            android:value="@integer/google_play_services_version" />
78-->[com.google.android.gms:play-services-basement:17.0.0] AndroidManifest.xml:25:13-66
79    </application>
80
81</manifest>